44486585487 103079215104 43%
44487963474 103079215104 43%
44486513924 103079215104 43%
44486950931 103079215104 43%
44471169127 103079215104 43%
44471692089 103079215104 43%
44471684252 103079215104 43%
44471789298 103079215104 43%
44476514539 103079215104 43%
44476505983 103079215104 43%
44476510427 103079215104 43%
44476527917 103079215104 43%
44435179726 103079215104 43%
44435440091 103079215104 43%
44435185212 103079215104 43%
44435737772 103079215104 43%
44419553952 103079215104 43%
44419316128 103079215104 43%
44419244869 103079215104 43%
44419327211 103079215104 43%
44425588947 103079215104 43%
44426112808 103079215104 43%
44425419392 103079215104 43%
44425746669 103079215104 43%
44538679818 103079215104 43%
44538431776 103079215104 43%
44538655953 103079215104 43%
44538146853 103079215104 43%
44437689776 103079215104 43%
44437687100 103079215104 43%
44437098891 103079215104 43%
44437466374 103079215104 43%
