44494672547 103079215104 43%
44495630553 103079215104 43%
44496120147 103079215104 43%
44496581500 103079215104 43%
44495293552 103079215104 43%
44495617966 103079215104 43%
44495722691 103079215104 43%
44497865229 103079215104 43%
44488855837 103079215104 43%
44487785823 103079215104 43%
44489664235 103079215104 43%
44488126307 103079215104 43%
44488876283 103079215104 43%
44487474157 103079215104 43%
44488231998 103079215104 43%
44488401909 103079215104 43%
44491874858 103079215104 43%
44493112964 103079215104 43%
44492400225 103079215104 43%
44492993522 103079215104 43%
44492416191 103079215104 43%
44492335047 103079215104 43%
44492669405 103079215104 43%
44492857303 103079215104 43%
44451487535 103079215104 43%
44452209236 103079215104 43%
44451825855 103079215104 43%
44452189984 103079215104 43%
44451660530 103079215104 43%
44450069208 103079215104 43%
44450276920 103079215104 43%
44452036434 103079215104 43%
44434364944 103079215104 43%
44435389944 103079215104 43%
44435471921 103079215104 43%
44436151738 103079215104 43%
44434777410 103079215104 43%
44434787269 103079215104 43%
44435555799 103079215104 43%
44435573294 103079215104 43%
44440406556 103079215104 43%
44440164583 103079215104 43%
44440412064 103079215104 43%
44442770182 103079215104 43%
44440065747 103079215104 43%
44440113457 103079215104 43%
44441438833 103079215104 43%
44441449685 103079215104 43%
44552710024 103079215104 43%
44551266878 103079215104 43%
44551779075 103079215104 43%
44551598413 103079215104 43%
44552275074 103079215104 43%
44551550078 103079215104 43%
44552392287 103079215104 43%
44552047422 103079215104 43%
44449532904 103079215104 43%
44451194873 103079215104 43%
44451202814 103079215104 43%
44450575610 103079215104 43%
44449780227 103079215104 43%
44451206616 103079215104 43%
44449479225 103079215104 43%
44450454333 103079215104 43%
